-------------------------------------------------------------------------------
Test set: com.upgrad.quora.api.controller.AnswerControllerTest
-------------------------------------------------------------------------------
Tests run: 14, Failures: 0, Errors: 6, Skipped: 0, Time elapsed: 1.102 s <<< FAILURE! - in com.upgrad.quora.api.controller.AnswerControllerTest
getAllAnswersToNonExistingQuestion(com.upgrad.quora.api.controller.AnswerControllerTest)  Time elapsed: 0.083 s  <<< ERROR!
org.springframework.web.util.NestedServletException: Request processing failed; nested exception is org.springframework.dao.InvalidDataAccessApiUsageException: Type specified for TypedQuery [com.upgrad.quora.service.entity.QuestionEntity] is incompatible with query return type [class com.upgrad.quora.service.entity.UserAuthEntity]; nested exception is java.lang.IllegalArgumentException: Type specified for TypedQuery [com.upgrad.quora.service.entity.QuestionEntity] is incompatible with query return type [class com.upgrad.quora.service.entity.UserAuthEntity]
	at com.upgrad.quora.api.controller.AnswerControllerTest.getAllAnswersToNonExistingQuestion(AnswerControllerTest.java:134)
Caused by: org.springframework.dao.InvalidDataAccessApiUsageException: Type specified for TypedQuery [com.upgrad.quora.service.entity.QuestionEntity] is incompatible with query return type [class com.upgrad.quora.service.entity.UserAuthEntity]; nested exception is java.lang.IllegalArgumentException: Type specified for TypedQuery [com.upgrad.quora.service.entity.QuestionEntity] is incompatible with query return type [class com.upgrad.quora.service.entity.UserAuthEntity]
	at com.upgrad.quora.api.controller.AnswerControllerTest.getAllAnswersToNonExistingQuestion(AnswerControllerTest.java:134)
Caused by: java.lang.IllegalArgumentException: Type specified for TypedQuery [com.upgrad.quora.service.entity.QuestionEntity] is incompatible with query return type [class com.upgrad.quora.service.entity.UserAuthEntity]
	at com.upgrad.quora.api.controller.AnswerControllerTest.getAllAnswersToNonExistingQuestion(AnswerControllerTest.java:134)

createAnswerForNonExistingQuestion(com.upgrad.quora.api.controller.AnswerControllerTest)  Time elapsed: 0.263 s  <<< ERROR!
org.springframework.web.util.NestedServletException: Request processing failed; nested exception is org.springframework.dao.InvalidDataAccessApiUsageException: Type specified for TypedQuery [com.upgrad.quora.service.entity.QuestionEntity] is incompatible with query return type [class com.upgrad.quora.service.entity.UserAuthEntity]; nested exception is java.lang.IllegalArgumentException: Type specified for TypedQuery [com.upgrad.quora.service.entity.QuestionEntity] is incompatible with query return type [class com.upgrad.quora.service.entity.UserAuthEntity]
	at com.upgrad.quora.api.controller.AnswerControllerTest.createAnswerForNonExistingQuestion(AnswerControllerTest.java:46)
Caused by: org.springframework.dao.InvalidDataAccessApiUsageException: Type specified for TypedQuery [com.upgrad.quora.service.entity.QuestionEntity] is incompatible with query return type [class com.upgrad.quora.service.entity.UserAuthEntity]; nested exception is java.lang.IllegalArgumentException: Type specified for TypedQuery [com.upgrad.quora.service.entity.QuestionEntity] is incompatible with query return type [class com.upgrad.quora.service.entity.UserAuthEntity]
	at com.upgrad.quora.api.controller.AnswerControllerTest.createAnswerForNonExistingQuestion(AnswerControllerTest.java:46)
Caused by: java.lang.IllegalArgumentException: Type specified for TypedQuery [com.upgrad.quora.service.entity.QuestionEntity] is incompatible with query return type [class com.upgrad.quora.service.entity.UserAuthEntity]
	at com.upgrad.quora.api.controller.AnswerControllerTest.createAnswerForNonExistingQuestion(AnswerControllerTest.java:46)

deleteAnswerWithoutOwnership(com.upgrad.quora.api.controller.AnswerControllerTest)  Time elapsed: 0.146 s  <<< ERROR!
org.springframework.web.util.NestedServletException: Request processing failed; nested exception is org.springframework.dao.InvalidDataAccessResourceUsageException: could not extract ResultSet; SQL [n/a]; nested exception is org.hibernate.exception.SQLGrammarException: could not extract ResultSet
	at com.upgrad.quora.api.controller.AnswerControllerTest.deleteAnswerWithoutOwnership(AnswerControllerTest.java:110)
Caused by: org.springframework.dao.InvalidDataAccessResourceUsageException: could not extract ResultSet; SQL [n/a]; nested exception is org.hibernate.exception.SQLGrammarException: could not extract ResultSet
	at com.upgrad.quora.api.controller.AnswerControllerTest.deleteAnswerWithoutOwnership(AnswerControllerTest.java:110)
Caused by: org.hibernate.exception.SQLGrammarException: could not extract ResultSet
	at com.upgrad.quora.api.controller.AnswerControllerTest.deleteAnswerWithoutOwnership(AnswerControllerTest.java:110)
Caused by: org.postgresql.util.PSQLException: 
ERROR: relation "quora.answers" does not exist
  Position: 209
	at com.upgrad.quora.api.controller.AnswerControllerTest.deleteAnswerWithoutOwnership(AnswerControllerTest.java:110)

deleteNonExistingAnswer(com.upgrad.quora.api.controller.AnswerControllerTest)  Time elapsed: 0.132 s  <<< ERROR!
org.springframework.web.util.NestedServletException: Request processing failed; nested exception is org.springframework.dao.InvalidDataAccessResourceUsageException: could not extract ResultSet; SQL [n/a]; nested exception is org.hibernate.exception.SQLGrammarException: could not extract ResultSet
	at com.upgrad.quora.api.controller.AnswerControllerTest.deleteNonExistingAnswer(AnswerControllerTest.java:102)
Caused by: org.springframework.dao.InvalidDataAccessResourceUsageException: could not extract ResultSet; SQL [n/a]; nested exception is org.hibernate.exception.SQLGrammarException: could not extract ResultSet
	at com.upgrad.quora.api.controller.AnswerControllerTest.deleteNonExistingAnswer(AnswerControllerTest.java:102)
Caused by: org.hibernate.exception.SQLGrammarException: could not extract ResultSet
	at com.upgrad.quora.api.controller.AnswerControllerTest.deleteNonExistingAnswer(AnswerControllerTest.java:102)
Caused by: org.postgresql.util.PSQLException: 
ERROR: relation "quora.answers" does not exist
  Position: 209
	at com.upgrad.quora.api.controller.AnswerControllerTest.deleteNonExistingAnswer(AnswerControllerTest.java:102)

editAnswerWithoutOwnership(com.upgrad.quora.api.controller.AnswerControllerTest)  Time elapsed: 0.159 s  <<< ERROR!
org.springframework.web.util.NestedServletException: Request processing failed; nested exception is org.springframework.dao.InvalidDataAccessResourceUsageException: could not extract ResultSet; SQL [n/a]; nested exception is org.hibernate.exception.SQLGrammarException: could not extract ResultSet
	at com.upgrad.quora.api.controller.AnswerControllerTest.editAnswerWithoutOwnership(AnswerControllerTest.java:78)
Caused by: org.springframework.dao.InvalidDataAccessResourceUsageException: could not extract ResultSet; SQL [n/a]; nested exception is org.hibernate.exception.SQLGrammarException: could not extract ResultSet
	at com.upgrad.quora.api.controller.AnswerControllerTest.editAnswerWithoutOwnership(AnswerControllerTest.java:78)
Caused by: org.hibernate.exception.SQLGrammarException: could not extract ResultSet
	at com.upgrad.quora.api.controller.AnswerControllerTest.editAnswerWithoutOwnership(AnswerControllerTest.java:78)
Caused by: org.postgresql.util.PSQLException: 
ERROR: relation "quora.answers" does not exist
  Position: 209
	at com.upgrad.quora.api.controller.AnswerControllerTest.editAnswerWithoutOwnership(AnswerControllerTest.java:78)

editNonExistingAnswer(com.upgrad.quora.api.controller.AnswerControllerTest)  Time elapsed: 0.236 s  <<< ERROR!
org.springframework.web.util.NestedServletException: Request processing failed; nested exception is org.springframework.dao.InvalidDataAccessResourceUsageException: could not extract ResultSet; SQL [n/a]; nested exception is org.hibernate.exception.SQLGrammarException: could not extract ResultSet
	at com.upgrad.quora.api.controller.AnswerControllerTest.editNonExistingAnswer(AnswerControllerTest.java:70)
Caused by: org.springframework.dao.InvalidDataAccessResourceUsageException: could not extract ResultSet; SQL [n/a]; nested exception is org.hibernate.exception.SQLGrammarException: could not extract ResultSet
	at com.upgrad.quora.api.controller.AnswerControllerTest.editNonExistingAnswer(AnswerControllerTest.java:70)
Caused by: org.hibernate.exception.SQLGrammarException: could not extract ResultSet
	at com.upgrad.quora.api.controller.AnswerControllerTest.editNonExistingAnswer(AnswerControllerTest.java:70)
Caused by: org.postgresql.util.PSQLException: 
ERROR: relation "quora.answers" does not exist
  Position: 209
	at com.upgrad.quora.api.controller.AnswerControllerTest.editNonExistingAnswer(AnswerControllerTest.java:70)

